<?xml version="1.0" encoding="UTF-8"?>
<testng-results skipped="0" failed="0" total="1" passed="1">
  <reporter-output>
  </reporter-output>
  <suite name="testng" duration-ms="11513" started-at="2015-02-18T12:00:55Z" finished-at="2015-02-18T12:01:06Z">
    <groups>
    </groups>
    <test name="smoke" duration-ms="11513" started-at="2015-02-18T12:00:55Z" finished-at="2015-02-18T12:01:06Z">
      <class name="smoketest.TC_002">
        <test-method status="PASS" signature="example()[pri:0, instance:smoketest.TC_002@10bb83e]" name="example" duration-ms="11505" started-at="2015-02-18T17:30:55Z" finished-at="2015-02-18T17:31:06Z">
          <reporter-output>
          </reporter-output>
        </test-method> <!-- example -->
      </class> <!-- smoketest.TC_002 -->
    </test> <!-- smoke -->
  </suite> <!-- testng -->
</testng-results>
